#
# A fatal error has been detected by the Java Runtime Environment:
#
#  Internal Error (opto/loopnode.hpp:758), pid=2376, tid=0x0000000000001acc
#  guarantee(d->_idx < _idom_size) failed: 
#
# JRE version: OpenJDK Runtime Environment (8.0_242-b01) (build 1.8.0_242-release-1644-b01)
# Java VM: OpenJDK 64-Bit Server VM (25.242-b01 mixed mode windows-amd64 compressed oops)
# Failed to write core dump. Minidumps are not enabled by default on client versions of Windows
#
# If you would like to submit a bug report, please visit:
#   
#

---------------  T H R E A D  ---------------

Current thread (0x0000000017c27800):  JavaThread "C2 CompilerThread0" daemon [_thread_in_native, id=6860, stack(0x0000000019280000,0x0000000019380000)]

Stack: [0x0000000019280000,0x0000000019380000]
[error occurred during error reporting (printing stack bounds), id 0xc0000005]

Native frames: (J=compiled Java code, j=interpreted, Vv=VM code, C=native code)


Current CompileTask:
C2:3186106 35265       4       com.android.tools.r8.ir.regalloc.a::a (952 bytes)


---------------  P R O C E S S  ---------------

Java Threads: ( => current thread )
  0x000000001bc3d000 JavaThread "WorkerExecutor Queue Thread 3" [_thread_blocked, id=11496, stack(0x0000000035c70000,0x0000000035d70000)]
  0x000000001bc41800 JavaThread "WorkerExecutor Queue Thread 2" [_thread_blocked, id=8128, stack(0x0000000035b70000,0x0000000035c70000)]
  0x000000001bc41000 JavaThread "WorkerExecutor Queue" [_thread_blocked, id=10588, stack(0x0000000034bf0000,0x0000000034cf0000)]
  0x000000001bc3c800 JavaThread "ForkJoinPool.commonPool-worker-3" daemon [_thread_blocked, id=4012, stack(0x00000000348f0000,0x00000000349f0000)]
  0x000000001bc35000 JavaThread "ForkJoinPool.commonPool-worker-2" daemon [_thread_blocked, id=10072, stack(0x0000000033e40000,0x0000000033f40000)]
  0x000000001bc33800 JavaThread "Cache worker for Java compile cache (C:\Users\cptm\Documents\Dev Projetos\gefi\GefiMobile\.gradle\6.5\javaCompile)" [_thread_blocked, id=11072, stack(0x0000000033740000,0x0000000033840000)]
  0x000000001bc32800 JavaThread "Cache worker for execution history cache (C:\Users\cptm\Documents\Dev Projetos\gefi\GefiMobile\.gradle\6.5\executionHistory)" [_thread_blocked, id=5784, stack(0x00000000334d0000,0x00000000335d0000)]
  0x000000001bc39800 JavaThread "Execution worker for ':' Thread 3" [_thread_in_Java, id=10172, stack(0x00000000331d0000,0x00000000332d0000)]
  0x000000001bc38800 JavaThread "Execution worker for ':' Thread 2" [_thread_blocked, id=11696, stack(0x00000000330d0000,0x00000000331d0000)]
  0x0000000028781800 JavaThread "Execution worker for ':'" [_thread_blocked, id=11364, stack(0x0000000032fd0000,0x00000000330d0000)]
  0x0000000028780800 JavaThread "Cache worker for file content cache (C:\Users\cptm\Documents\Dev Projetos\gefi\GefiMobile\.gradle\6.5\fileContent)" [_thread_blocked, id=1964, stack(0x00000000328d0000,0x00000000329d0000)]
  0x0000000028780000 JavaThread "Cache worker for Build Output Cleanup Cache (C:\Users\cptm\Documents\Dev Projetos\gefi\GefiMobile\.gradle\buildOutputCleanup)" [_thread_blocked, id=2324, stack(0x00000000322d0000,0x00000000323d0000)]
  0x0000000028783000 JavaThread "jar transforms Thread 1840" [_thread_blocked, id=5316, stack(0x0000000031b80000,0x0000000031c80000)]
  0x000000002877d800 JavaThread "jar transforms Thread 1839" [_thread_blocked, id=11924, stack(0x0000000031a80000,0x0000000031b80000)]
  0x000000002877d000 JavaThread "jar transforms Thread 1838" [_thread_blocked, id=7708, stack(0x0000000031980000,0x0000000031a80000)]
  0x0000000028782000 JavaThread "jar transforms Thread 1837" [_thread_blocked, id=9684, stack(0x0000000031680000,0x0000000031780000)]
  0x000000002877f000 JavaThread "jar transforms Thread 1836" [_thread_blocked, id=11596, stack(0x0000000031580000,0x0000000031680000)]
  0x0000000028775800 JavaThread "jar transforms Thread 1835" [_thread_blocked, id=4804, stack(0x0000000031480000,0x0000000031580000)]
  0x0000000028776000 JavaThread "jar transforms Thread 1834" [_thread_blocked, id=5748, stack(0x0000000031380000,0x0000000031480000)]
  0x000000002877c000 JavaThread "jar transforms Thread 1833" [_thread_blocked, id=9468, stack(0x0000000031280000,0x0000000031380000)]
  0x0000000028774800 JavaThread "jar transforms Thread 1832" [_thread_blocked, id=9436, stack(0x0000000031180000,0x0000000031280000)]
  0x000000002877a000 JavaThread "jar transforms Thread 1831" [_thread_blocked, id=2588, stack(0x0000000031080000,0x0000000031180000)]
  0x0000000028779000 JavaThread "jar transforms Thread 1830" [_thread_blocked, id=3232, stack(0x0000000030f80000,0x0000000031080000)]
  0x0000000028777800 JavaThread "jar transforms Thread 1829" [_thread_blocked, id=6156, stack(0x0000000030e80000,0x0000000030f80000)]
  0x0000000028778800 JavaThread "jar transforms Thread 1828" [_thread_blocked, id=2256, stack(0x0000000030d80000,0x0000000030e80000)]
  0x000000002877b800 JavaThread "jar transforms Thread 1827" [_thread_blocked, id=2856, stack(0x0000000030c80000,0x0000000030d80000)]
  0x000000002c0a4000 JavaThread "jar transforms Thread 1826" [_thread_blocked, id=9192, stack(0x0000000030b80000,0x0000000030c80000)]
  0x000000002c0a4800 JavaThread "jar transforms Thread 1825" [_thread_blocked, id=3572, stack(0x0000000030a80000,0x0000000030b80000)]
  0x000000002c0a2800 JavaThread "jar transforms Thread 1824" [_thread_blocked, id=8048, stack(0x0000000030980000,0x0000000030a80000)]
  0x000000002c0a3000 JavaThread "jar transforms Thread 1823" [_thread_blocked, id=9356, stack(0x0000000030880000,0x0000000030980000)]
  0x000000002c0a5800 JavaThread "jar transforms Thread 1822" [_thread_blocked, id=8212, stack(0x0000000030780000,0x0000000030880000)]
  0x000000002c09b000 JavaThread "jar transforms Thread 1821" [_thread_blocked, id=8636, stack(0x0000000030680000,0x0000000030780000)]
  0x000000002c0a1000 JavaThread "jar transforms Thread 1820" [_thread_blocked, id=11384, stack(0x0000000030580000,0x0000000030680000)]
  0x000000002c09e000 JavaThread "jar transforms Thread 1819" [_thread_blocked, id=4576, stack(0x0000000030480000,0x0000000030580000)]
  0x000000002c09d000 JavaThread "jar transforms Thread 1818" [_thread_blocked, id=12192, stack(0x0000000030380000,0x0000000030480000)]
  0x000000002c09f800 JavaThread "jar transforms Thread 1817" [_thread_blocked, id=8344, stack(0x0000000030280000,0x0000000030380000)]
  0x000000002c09e800 JavaThread "jar transforms Thread 1816" [_thread_blocked, id=6488, stack(0x0000000030180000,0x0000000030280000)]
  0x000000002c0a0000 JavaThread "jar transforms Thread 1815" [_thread_blocked, id=4312, stack(0x0000000030080000,0x0000000030180000)]
  0x000000002c09b800 JavaThread "jar transforms Thread 1814" [_thread_blocked, id=11740, stack(0x000000002ff80000,0x0000000030080000)]
  0x000000002c096800 JavaThread "jar transforms Thread 1813" [_thread_blocked, id=8388, stack(0x000000002fe80000,0x000000002ff80000)]
  0x000000002c09a000 JavaThread "jar transforms Thread 1812" [_thread_blocked, id=5560, stack(0x000000002fd80000,0x000000002fe80000)]
  0x000000002c099800 JavaThread "jar transforms Thread 1811" [_thread_blocked, id=4236, stack(0x000000002fc80000,0x000000002fd80000)]
  0x000000002c098800 JavaThread "jar transforms Thread 1810" [_thread_blocked, id=9408, stack(0x000000002fb80000,0x000000002fc80000)]
  0x000000002c098000 JavaThread "jar transforms Thread 1809" [_thread_blocked, id=9368, stack(0x000000002fa80000,0x000000002fb80000)]
  0x000000002c09c800 JavaThread "jar transforms Thread 1808" [_thread_blocked, id=8724, stack(0x000000002f980000,0x000000002fa80000)]
  0x000000002b18a800 JavaThread "jar transforms Thread 1807" [_thread_blocked, id=9880, stack(0x000000002f880000,0x000000002f980000)]
  0x000000002b189800 JavaThread "jar transforms Thread 1806" [_thread_blocked, id=4364, stack(0x000000002f780000,0x000000002f880000)]
  0x000000002b189000 JavaThread "jar transforms Thread 1805" [_thread_blocked, id=9528, stack(0x000000002f680000,0x000000002f780000)]
  0x000000002b188000 JavaThread "jar transforms Thread 1804" [_thread_blocked, id=10912, stack(0x000000002f580000,0x000000002f680000)]
  0x000000002b186000 JavaThread "jar transforms Thread 1803" [_thread_blocked, id=7428, stack(0x000000002f480000,0x000000002f580000)]
  0x000000002b18b000 JavaThread "jar transforms Thread 1802" [_thread_blocked, id=10396, stack(0x000000002f380000,0x000000002f480000)]
  0x000000002b187800 JavaThread "jar transforms Thread 1801" [_thread_blocked, id=12188, stack(0x000000002f280000,0x000000002f380000)]
  0x000000002b186800 JavaThread "jar transforms Thread 1800" [_thread_blocked, id=3324, stack(0x000000002f180000,0x000000002f280000)]
  0x000000002b185000 JavaThread "jar transforms Thread 1799" [_thread_blocked, id=8348, stack(0x000000002f080000,0x000000002f180000)]
  0x000000002b18c000 JavaThread "jar transforms Thread 1798" [_thread_blocked, id=12220, stack(0x000000002ef80000,0x000000002f080000)]
  0x000000002b17d000 JavaThread "jar transforms Thread 1797" [_thread_blocked, id=12184, stack(0x000000002ee80000,0x000000002ef80000)]
  0x000000002b17f000 JavaThread "jar transforms Thread 1796" [_thread_blocked, id=12036, stack(0x000000002ed80000,0x000000002ee80000)]
  0x000000002b183800 JavaThread "jar transforms Thread 1795" [_thread_blocked, id=11064, stack(0x000000002ec80000,0x000000002ed80000)]
  0x000000002b17e800 JavaThread "jar transforms Thread 1794" [_thread_blocked, id=7904, stack(0x000000002eb80000,0x000000002ec80000)]
  0x000000002b182000 JavaThread "jar transforms Thread 1793" [_thread_blocked, id=2308, stack(0x000000002ea80000,0x000000002eb80000)]
  0x000000002b180800 JavaThread "jar transforms Thread 1792" [_thread_blocked, id=11920, stack(0x000000002e980000,0x000000002ea80000)]
  0x000000002b183000 JavaThread "jar transforms Thread 1791" [_thread_blocked, id=9996, stack(0x000000002e880000,0x000000002e980000)]
  0x000000002b17d800 JavaThread "jar transforms Thread 1790" [_thread_blocked, id=8536, stack(0x000000002e780000,0x000000002e880000)]
  0x000000002b180000 JavaThread "jar transforms Thread 1789" [_thread_blocked, id=8668, stack(0x000000002e680000,0x000000002e780000)]
  0x000000002b181800 JavaThread "jar transforms Thread 1788" [_thread_blocked, id=10956, stack(0x000000002e580000,0x000000002e680000)]
  0x000000001ead2000 JavaThread "jar transforms Thread 1787" [_thread_blocked, id=9672, stack(0x000000002e480000,0x000000002e580000)]
  0x000000001ead0800 JavaThread "jar transforms Thread 1786" [_thread_blocked, id=10192, stack(0x000000002e380000,0x000000002e480000)]
  0x000000001ead0000 JavaThread "jar transforms Thread 1785" [_thread_blocked, id=9128, stack(0x000000002e280000,0x000000002e380000)]
  0x000000001eacd800 JavaThread "jar transforms Thread 1784" [_thread_blocked, id=12052, stack(0x000000002e180000,0x000000002e280000)]
  0x000000001eacf000 JavaThread "jar transforms Thread 1783" [_thread_blocked, id=6524, stack(0x000000002e080000,0x000000002e180000)]
  0x000000001ead1800 JavaThread "jar transforms Thread 1782" [_thread_blocked, id=12112, stack(0x000000002df80000,0x000000002e080000)]
  0x000000001eace800 JavaThread "jar transforms Thread 1781" [_thread_blocked, id=11316, stack(0x000000002de80000,0x000000002df80000)]
  0x000000001eac6000 JavaThread "jar transforms Thread 1780" [_thread_blocked, id=4588, stack(0x000000002dd80000,0x000000002de80000)]
  0x000000001eaca000 JavaThread "jar transforms Thread 1779" [_thread_blocked, id=4256, stack(0x000000002dc80000,0x000000002dd80000)]
  0x000000001eac9000 JavaThread "jar transforms Thread 1778" [_thread_blocked, id=5644, stack(0x000000002db80000,0x000000002dc80000)]
  0x000000001eacd000 JavaThread "jar transforms Thread 1777" [_thread_blocked, id=8312, stack(0x000000002da80000,0x000000002db80000)]
  0x000000001eac5800 JavaThread "jar transforms Thread 1776" [_thread_blocked, id=11864, stack(0x000000002d980000,0x000000002da80000)]
  0x000000001eacb800 JavaThread "jar transforms Thread 1775" [_thread_blocked, id=2860, stack(0x000000002d880000,0x000000002d980000)]
  0x000000001eacc000 JavaThread "jar transforms Thread 1774" [_thread_blocked, id=9232, stack(0x000000002d780000,0x000000002d880000)]
  0x000000001eac4800 JavaThread "jar transforms Thread 1773" [_thread_blocked, id=6828, stack(0x000000002d680000,0x000000002d780000)]
  0x000000001eac8800 JavaThread "jar transforms Thread 1772" [_thread_blocked, id=6352, stack(0x000000002d580000,0x000000002d680000)]
  0x000000001eaca800 JavaThread "jar transforms Thread 1771" [_thread_blocked, id=10168, stack(0x000000002d480000,0x000000002d580000)]
  0x000000001eac7800 JavaThread "jar transforms Thread 1770" [_thread_blocked, id=4708, stack(0x000000002d380000,0x000000002d480000)]
  0x000000001eac3000 JavaThread "jar transforms Thread 1769" [_thread_blocked, id=11524, stack(0x000000002d280000,0x000000002d380000)]
  0x000000001eac4000 JavaThread "jar transforms Thread 1768" [_thread_blocked, id=11792, stack(0x0000000029e10000,0x0000000029f10000)]
  0x0000000020c4d800 JavaThread "jar transforms Thread 1767" [_thread_blocked, id=10556, stack(0x0000000029d10000,0x0000000029e10000)]
  0x0000000020c4f800 JavaThread "jar transforms Thread 1766" [_thread_blocked, id=4800, stack(0x0000000029c10000,0x0000000029d10000)]
  0x0000000020c50800 JavaThread "jar transforms Thread 1765" [_thread_blocked, id=11796, stack(0x0000000029b10000,0x0000000029c10000)]
  0x0000000020c4f000 JavaThread "jar transforms Thread 1764" [_thread_blocked, id=7680, stack(0x0000000027840000,0x0000000027940000)]
  0x0000000020c4e000 JavaThread "jar transforms Thread 1763" [_thread_blocked, id=2584, stack(0x00000000274b0000,0x00000000275b0000)]
  0x0000000020c4c800 JavaThread "jar transforms Thread 1762" [_thread_blocked, id=11432, stack(0x00000000273b0000,0x00000000274b0000)]
  0x0000000020c4c000 JavaThread "jar transforms Thread 1761" [_thread_blocked, id=6788, stack(0x00000000270b0000,0x00000000271b0000)]
  0x0000000020c44800 JavaThread "jar transforms Thread 1760" [_thread_blocked, id=4952, stack(0x0000000026fb0000,0x00000000270b0000)]
  0x0000000020c46000 JavaThread "jar transforms Thread 1759" [_thread_blocked, id=9036, stack(0x0000000026c20000,0x0000000026d20000)]
  0x0000000020c4b000 JavaThread "jar transforms Thread 1758" [_thread_blocked, id=6692, stack(0x0000000022f60000,0x0000000023060000)]
  0x0000000020c4a800 JavaThread "jar transforms Thread 1757" [_thread_blocked, id=5984, stack(0x0000000022e60000,0x0000000022f60000)]
  0x0000000020c43000 JavaThread "jar transforms Thread 1756" [_thread_blocked, id=10416, stack(0x0000000022d60000,0x0000000022e60000)]
  0x0000000020c49800 JavaThread "jar transforms Thread 1755" [_thread_blocked, id=3956, stack(0x0000000022c60000,0x0000000022d60000)]
  0x0000000020c46800 JavaThread "jar transforms Thread 1754" [_thread_blocked, id=2468, stack(0x0000000022b60000,0x0000000022c60000)]
  0x0000000020c45000 JavaThread "jar transforms Thread 1753" [_thread_blocked, id=11852, stack(0x0000000022a60000,0x0000000022b60000)]
  0x0000000020c42000 JavaThread "jar transforms Thread 1752" [_thread_blocked, id=9236, stack(0x0000000022960000,0x0000000022a60000)]
  0x0000000020c48000 JavaThread "jar transforms Thread 1751" [_thread_blocked, id=8644, stack(0x0000000022860000,0x0000000022960000)]
  0x0000000020c47800 JavaThread "jar transforms Thread 1750" [_thread_blocked, id=10716, stack(0x0000000022140000,0x0000000022240000)]
  0x0000000020c41800 JavaThread "jar transforms Thread 1749" [_thread_blocked, id=10968, stack(0x0000000021e40000,0x0000000021f40000)]
  0x0000000020c43800 JavaThread "Build operations Thread 4" [_thread_blocked, id=11624, stack(0x0000000021d40000,0x0000000021e40000)]
  0x000000002b0f2800 JavaThread "Build operations Thread 3" [_thread_blocked, id=10340, stack(0x0000000021c40000,0x0000000021d40000)]
  0x000000002b0f1000 JavaThread "Build operations Thread 2" [_thread_in_vm, id=5376, stack(0x0000000021b40000,0x0000000021c40000)]
  0x000000002b0ef800 JavaThread "Build operations" [_thread_blocked, id=9768, stack(0x0000000021a40000,0x0000000021b40000)]
  0x000000002b0f2000 JavaThread "Cache worker for cache directory md-rule (C:\Users\cptm\.gradle\caches\6.5\md-rule)" [_thread_blocked, id=5420, stack(0x0000000021740000,0x0000000021840000)]
  0x000000002b0ef000 JavaThread "Cache worker for cache directory md-supplier (C:\Users\cptm\.gradle\caches\6.5\md-supplier)" [_thread_blocked, id=9796, stack(0x000000001ff70000,0x0000000020070000)]
  0x000000002b0f4000 JavaThread "Cache worker for checksums cache (C:\Users\cptm\Documents\Dev Projetos\gefi\GefiMobile\.gradle\checksums)" [_thread_blocked, id=3140, stack(0x000000001f770000,0x000000001f870000)]
  0x000000002b0f3800 JavaThread "Cache worker for file hash cache (C:\Users\cptm\Documents\Dev Projetos\gefi\GefiMobile\.gradle\6.5\fileHashes)" [_thread_blocked, id=1496, stack(0x000000001f670000,0x000000001f770000)]
  0x000000002b0e5800 JavaThread "Thread-2474" [_thread_blocked, id=7684, stack(0x000000001d720000,0x000000001d820000)]
  0x000000002b0e7000 JavaThread "Stdin handler" [_thread_blocked, id=9852, stack(0x000000001d620000,0x000000001d720000)]
  0x000000002b0ec000 JavaThread "Asynchronous log dispatcher for DefaultDaemonConnection: socket connection from /127.0.0.1:50216 to /127.0.0.1:51552" [_thread_blocked, id=6872, stack(0x000000001d520000,0x000000001d620000)]
  0x000000002b0ea800 JavaThread "Daemon worker Thread 18" [_thread_blocked, id=8940, stack(0x000000001d420000,0x000000001d520000)]
  0x000000002b0eb000 JavaThread "Cancel handler" [_thread_blocked, id=6780, stack(0x000000001d320000,0x000000001d420000)]
  0x000000002b0ec800 JavaThread "Handler for socket connection from /127.0.0.1:50216 to /127.0.0.1:51552" [_thread_in_native, id=8912, stack(0x000000001d220000,0x000000001d320000)]
  0x000000002b0e9000 JavaThread "Daemon Thread 18" [_thread_blocked, id=12048, stack(0x000000001d120000,0x000000001d220000)]
  0x000000002b0ed800 JavaThread "Cache worker for Java compile cache (C:\Users\cptm\.gradle\caches\6.5\javaCompile)" [_thread_blocked, id=1456, stack(0x0000000033640000,0x0000000033740000)]
  0x000000001bc34000 JavaThread "MarlinRenderer Disposer" daemon [_thread_blocked, id=7968, stack(0x0000000022360000,0x0000000022460000)]
  0x000000001bc3b000 JavaThread "Java2D Disposer" daemon [_thread_blocked, id=10212, stack(0x0000000022240000,0x0000000022340000)]
  0x000000001bc40000 JavaThread "Memory manager" [_thread_blocked, id=11636, stack(0x0000000001340000,0x0000000001440000)]
  0x000000001bfb7000 JavaThread "Cache worker for file content cache (C:\Users\cptm\.gradle\caches\6.5\fileContent)" [_thread_blocked, id=10156, stack(0x0000000020070000,0x0000000020170000)]
  0x000000001af88000 JavaThread "Cache worker for execution history cache (C:\Users\cptm\.gradle\caches\6.5\executionHistory)" [_thread_blocked, id=2332, stack(0x000000001f870000,0x000000001f970000)]
  0x000000001af85000 JavaThread "Cache worker for file hash cache (C:\Users\cptm\.gradle\caches\6.5\fileHashes)" [_thread_blocked, id=10356, stack(0x000000001dd20000,0x000000001de20000)]
  0x000000001af86800 JavaThread "File lock request listener" [_thread_in_native, id=2784, stack(0x000000001dc20000,0x000000001dd20000)]
  0x000000001af86000 JavaThread "Cache worker for journal cache (C:\Users\cptm\.gradle\caches\journal-1)" [_thread_blocked, id=1596, stack(0x000000001da20000,0x000000001db20000)]
  0x000000001b646000 JavaThread "Daemon periodic checks" [_thread_blocked, id=5844, stack(0x000000001ce20000,0x000000001cf20000)]
  0x000000001b625800 JavaThread "Incoming local TCP Connector on port 50216" [_thread_in_native, id=576, stack(0x000000001cbc0000,0x000000001ccc0000)]
  0x000000001992d800 JavaThread "Daemon health stats" [_thread_blocked, id=6064, stack(0x000000001c580000,0x000000001c680000)]
  0x00000000195c0800 JavaThread "Service Thread" daemon [_thread_blocked, id=1300, stack(0x0000000019980000,0x0000000019a80000)]
  0x0000000017c3d800 JavaThread "C1 CompilerThread2" daemon [_thread_blocked, id=8164, stack(0x0000000019480000,0x0000000019580000)]
  0x0000000017c2a800 JavaThread "C2 CompilerThread1" daemon [_thread_in_native, id=3128, stack(0x0000000019380000,0x0000000019480000)]
=>0x0000000017c27800 JavaThread "C2 CompilerThread0" daemon [_thread_in_native, id=6860, stack(0x0000000019280000,0x0000000019380000)]
  0x0000000017c25800 JavaThread "Attach Listener" daemon [_thread_blocked, id=11208, stack(0x0000000019180000,0x0000000019280000)]
  0x0000000017c24800 JavaThread "Signal Dispatcher" daemon [_thread_blocked, id=7424, stack(0x0000000019080000,0x0000000019180000)]
  0x0000000002ffc800 JavaThread "Finalizer" daemon [_thread_blocked, id=2540, stack(0x0000000018e70000,0x0000000018f70000)]
  0x0000000017c09000 JavaThread "Reference Handler" daemon [_thread_blocked, id=9380, stack(0x0000000018d70000,0x0000000018e70000)]
  0x0000000002f02800 JavaThread "main" [_thread_blocked, id=1652, stack(0x0000000002e00000,0x0000000002f00000)]

Other Threads:
  0x0000000017be6000 VMThread [stack: 0x0000000018c70000,0x0000000018d70000] [id=10220]
  0x0000000017c7e000 WatcherThread [stack: 0x0000000019a80000,0x0000000019b80000] [id=9500]

VM state:not at safepoint (normal execution)

VM Mutex/Monitor currently owned by a thread: None

heap address: 0x0000000080000000, size: 2048 MB, Compressed Oops mode: 32-bit
Narrow klass base: 0x0000000000000000, Narrow klass shift: 3
Compressed class space size: 1073741824 Address: 0x0000000100000000

Heap:
 PSYoungGen      total 526336K, used 356065K [0x00000000d5580000, 0x00000000ffe80000, 0x0000000100000000)
  eden space 365568K, 70% used [0x00000000d5580000,0x00000000e51d1fa0,0x00000000eba80000)
  from space 160768K, 60% used [0x00000000eba80000,0x00000000f19e66a8,0x00000000f5780000)
  to   space 165888K, 0% used [0x00000000f5c80000,0x00000000f5c80000,0x00000000ffe80000)
 ParOldGen       total 316416K, used 239585K [0x0000000080000000, 0x0000000093500000, 0x00000000d5580000)
  object space 316416K, 75% used [0x0000000080000000,0x000000008e9f8410,0x0000000093500000)
 Metaspace       used 126713K, capacity 137112K, committed 137304K, reserved 1169408K
  class space    used 16085K, capacity 17932K, committed 18048K, reserved 1048576K

Card table byte_map: [0x00000000123c0000,0x00000000127d0000] byte_map_base: 0x0000000011fc0000

Marking Bits: (ParMarkBitMap*) 0x0000000076e4f030
 Begin Bits: [0x0000000012e80000, 0x0000000014e80000)
 End Bits:   [0x0000000014e80000, 0x0000000016e80000)

Polling page: 0x0000000000f20000

CodeCache: size=245760Kb used=94448Kb max_used=94465Kb free=151311Kb
 bounds [0x0000000003000000, 0x0000000008cf0000, 0x0000000012000000]
 total_blobs=27056 nmethods=26029 adapters=935
 compilation: enabled

Compilation events (10 events):
Event: 3185.934 Thread 0x0000000017c3d800 35267       3       com.android.tools.r8.p.n.n::a (180 bytes)
Event: 3185.937 Thread 0x0000000017c27800 nmethod 35263 0x0000000005759250 code [0x0000000005759440, 0x0000000005759e18]
Event: 3185.937 Thread 0x0000000017c27800 35265       4       com.android.tools.r8.ir.regalloc.a::a (952 bytes)
Event: 3185.940 Thread 0x0000000017c3d800 nmethod 35267 0x0000000008cda110 code [0x0000000008cda740, 0x0000000008cde6a8]
Event: 3185.946 Thread 0x0000000017c3d800 35271       3       java.util.IdentityHashMap$IdentityHashMapSpliterator::getFence (47 bytes)
Event: 3185.947 Thread 0x0000000017c3d800 nmethod 35271 0x0000000005eff650 code [0x0000000005eff7a0, 0x0000000005eff950]
Event: 3185.949 Thread 0x0000000017c3d800 35272       1       com.android.tools.r8.dex.s::k (5 bytes)
Event: 3185.949 Thread 0x0000000017c3d800 nmethod 35272 0x00000000051bdd90 code [0x00000000051bdee0, 0x00000000051bdff0]
Event: 3185.970 Thread 0x0000000017c2a800 nmethod 35261 0x0000000008ce4d10 code [0x0000000008ce5000, 0x0000000008ce69f0]
Event: 3185.970 Thread 0x0000000017c2a800 35268       4       com.android.tools.r8.ir.conversion.N::a (3065 bytes)

GC Heap History (10 events):
Event: 2968.024 GC heap before
{Heap before GC invocations=63 (full 6):
 PSYoungGen      total 546304K, used 404642K [0x00000000d5580000, 0x0000000100000000, 0x0000000100000000)
  eden space 387584K, 99% used [0x00000000d5580000,0x00000000ecff6c38,0x00000000ed000000)
  from space 158720K, 10% used [0x00000000f6500000,0x00000000f75b1c00,0x0000000100000000)
  to   space 152576K, 0% used [0x00000000ed000000,0x00000000ed000000,0x00000000f6500000)
 ParOldGen       total 316416K, used 195323K [0x0000000080000000, 0x0000000093500000, 0x00000000d5580000)
  object space 316416K, 61% used [0x0000000080000000,0x000000008bebef40,0x0000000093500000)
 Metaspace       used 126482K, capacity 136714K, committed 136920K, reserved 1169408K
  class space    used 16071K, capacity 17909K, committed 17920K, reserved 1048576K
Event: 2968.223 GC heap after
Heap after GC invocations=63 (full 6):
 PSYoungGen      total 499200K, used 111190K [0x00000000d5580000, 0x0000000100000000, 0x0000000100000000)
  eden space 387584K, 0% used [0x00000000d5580000,0x00000000d5580000,0x00000000ed000000)
  from space 111616K, 99% used [0x00000000ed000000,0x00000000f3c95a68,0x00000000f3d00000)
  to   space 166400K, 0% used [0x00000000f5d80000,0x00000000f5d80000,0x0000000100000000)
 ParOldGen       total 316416K, used 200747K [0x0000000080000000, 0x0000000093500000, 0x00000000d5580000)
  object space 316416K, 63% used [0x0000000080000000,0x000000008c40ad88,0x0000000093500000)
 Metaspace       used 126482K, capacity 136714K, committed 136920K, reserved 1169408K
  class space    used 16071K, capacity 17909K, committed 17920K, reserved 1048576K
}
Event: 3037.295 GC heap before
{Heap before GC invocations=64 (full 6):
 PSYoungGen      total 499200K, used 498774K [0x00000000d5580000, 0x0000000100000000, 0x0000000100000000)
  eden space 387584K, 100% used [0x00000000d5580000,0x00000000ed000000,0x00000000ed000000)
  from space 111616K, 99% used [0x00000000ed000000,0x00000000f3c95a68,0x00000000f3d00000)
  to   space 166400K, 0% used [0x00000000f5d80000,0x00000000f5d80000,0x0000000100000000)
 ParOldGen       total 316416K, used 200747K [0x0000000080000000, 0x0000000093500000, 0x00000000d5580000)
  object space 316416K, 63% used [0x0000000080000000,0x000000008c40ad88,0x0000000093500000)
 Metaspace       used 126584K, capacity 136886K, committed 137048K, reserved 1169408K
  class space    used 16081K, capacity 17927K, committed 18048K, reserved 1048576K
Event: 3037.361 GC heap after
Heap after GC invocations=64 (full 6):
 PSYoungGen      total 539648K, used 27532K [0x00000000d5580000, 0x0000000100000000, 0x0000000100000000)
  eden space 373248K, 0% used [0x00000000d5580000,0x00000000d5580000,0x00000000ec200000)
  from space 166400K, 16% used [0x00000000f5d80000,0x00000000f7863020,0x0000000100000000)
  to   space 159232K, 0% used [0x00000000ec200000,0x00000000ec200000,0x00000000f5d80000)
 ParOldGen       total 316416K, used 204083K [0x0000000080000000, 0x0000000093500000, 0x00000000d5580000)
  object space 316416K, 64% used [0x0000000080000000,0x000000008c74cdd0,0x0000000093500000)
 Metaspace       used 126584K, capacity 136886K, committed 137048K, reserved 1169408K
  class space    used 16081K, capacity 17927K, committed 18048K, reserved 1048576K
}
Event: 3039.943 GC heap before
{Heap before GC invocations=65 (full 6):
 PSYoungGen      total 539648K, used 400780K [0x00000000d5580000, 0x0000000100000000, 0x0000000100000000)
  eden space 373248K, 100% used [0x00000000d5580000,0x00000000ec200000,0x00000000ec200000)
  from space 166400K, 16% used [0x00000000f5d80000,0x00000000f7863020,0x0000000100000000)
  to   space 159232K, 0% used [0x00000000ec200000,0x00000000ec200000,0x00000000f5d80000)
 ParOldGen       total 316416K, used 204083K [0x0000000080000000, 0x0000000093500000, 0x00000000d5580000)
  object space 316416K, 64% used [0x0000000080000000,0x000000008c74cdd0,0x0000000093500000)
 Metaspace       used 126584K, capacity 136886K, committed 137048K, reserved 1169408K
  class space    used 16081K, capacity 17927K, committed 18048K, reserved 1048576K
Event: 3040.127 GC heap after
Heap after GC invocations=65 (full 6):
 PSYoungGen      total 487936K, used 114613K [0x00000000d5580000, 0x0000000100000000, 0x0000000100000000)
  eden space 373248K, 0% used [0x00000000d5580000,0x00000000d5580000,0x00000000ec200000)
  from space 114688K, 99% used [0x00000000ec200000,0x00000000f31ed428,0x00000000f3200000)
  to   space 172544K, 0% used [0x00000000f5780000,0x00000000f5780000,0x0000000100000000)
 ParOldGen       total 316416K, used 213621K [0x0000000080000000, 0x0000000093500000, 0x00000000d5580000)
  object space 316416K, 67% used [0x0000000080000000,0x000000008d09d770,0x0000000093500000)
 Metaspace       used 126584K, capacity 136886K, committed 137048K, reserved 1169408K
  class space    used 16081K, capacity 17927K, committed 18048K, reserved 1048576K
}
Event: 3109.797 GC heap before
{Heap before GC invocations=66 (full 6):
 PSYoungGen      total 487936K, used 487861K [0x00000000d5580000, 0x0000000100000000, 0x0000000100000000)
  eden space 373248K, 100% used [0x00000000d5580000,0x00000000ec200000,0x00000000ec200000)
  from space 114688K, 99% used [0x00000000ec200000,0x00000000f31ed428,0x00000000f3200000)
  to   space 172544K, 0% used [0x00000000f5780000,0x00000000f5780000,0x0000000100000000)
 ParOldGen       total 316416K, used 213621K [0x0000000080000000, 0x0000000093500000, 0x00000000d5580000)
  object space 316416K, 67% used [0x0000000080000000,0x000000008d09d770,0x0000000093500000)
 Metaspace       used 126640K, capacity 137078K, committed 137304K, reserved 1169408K
  class space    used 16081K, capacity 17927K, committed 18048K, reserved 1048576K
Event: 3109.853 GC heap after
Heap after GC invocations=66 (full 6):
 PSYoungGen      total 538112K, used 55267K [0x00000000d5580000, 0x0000000100000000, 0x0000000100000000)
  eden space 365568K, 0% used [0x00000000d5580000,0x00000000d5580000,0x00000000eba80000)
  from space 172544K, 32% used [0x00000000f5780000,0x00000000f8d78e10,0x0000000100000000)
  to   space 160768K, 0% used [0x00000000eba80000,0x00000000eba80000,0x00000000f5780000)
 ParOldGen       total 316416K, used 213741K [0x0000000080000000, 0x0000000093500000, 0x00000000d5580000)
  object space 316416K, 67% used [0x0000000080000000,0x000000008d0bb670,0x0000000093500000)
 Metaspace       used 126640K, capacity 137078K, committed 137304K, reserved 1169408K
  class space    used 16081K, capacity 17927K, committed 18048K, reserved 1048576K
}
Event: 3112.050 GC heap before
{Heap before GC invocations=67 (full 6):
 PSYoungGen      total 538112K, used 420271K [0x00000000d5580000, 0x0000000100000000, 0x0000000100000000)
  eden space 365568K, 99% used [0x00000000d5580000,0x00000000eb9f31a8,0x00000000eba80000)
  from space 172544K, 32% used [0x00000000f5780000,0x00000000f8d78e10,0x0000000100000000)
  to   space 160768K, 0% used [0x00000000eba80000,0x00000000eba80000,0x00000000f5780000)
 ParOldGen       total 316416K, used 213741K [0x0000000080000000, 0x0000000093500000, 0x00000000d5580000)
  object space 316416K, 67% used [0x0000000080000000,0x000000008d0bb670,0x0000000093500000)
 Metaspace       used 126642K, capacity 137078K, committed 137304K, reserved 1169408K
  class space    used 16081K, capacity 17927K, committed 18048K, reserved 1048576K
Event: 3112.268 GC heap after
Heap after GC invocations=67 (full 6):
 PSYoungGen      total 526336K, used 97689K [0x00000000d5580000, 0x00000000ffe80000, 0x0000000100000000)
  eden space 365568K, 0% used [0x00000000d5580000,0x00000000d5580000,0x00000000eba80000)
  from space 160768K, 60% used [0x00000000eba80000,0x00000000f19e66a8,0x00000000f5780000)
  to   space 165888K, 0% used [0x00000000f5c80000,0x00000000f5c80000,0x00000000ffe80000)
 ParOldGen       total 316416K, used 239585K [0x0000000080000000, 0x0000000093500000, 0x00000000d5580000)
  object space 316416K, 75% used [0x0000000080000000,0x000000008e9f8410,0x0000000093500000)
 Metaspace       used 126642K, capacity 137078K, committed 137304K, reserved 1169408K
  class space    used 16081K, capacity 17927K, committed 18048K, reserved 1048576K
}

Deoptimization events (10 events):
Event: 2941.713 Thread 0x000000002b0eb000 Uncommon trap: reason=array_check action=maybe_recompile pc=0x00000000079cf838 method=java.util.ComparableTimSort.mergeLo(IIII)V @ 587
Event: 2941.713 Thread 0x000000002b0eb000 Uncommon trap: reason=array_check action=maybe_recompile pc=0x00000000079cf838 method=java.util.ComparableTimSort.mergeLo(IIII)V @ 587
Event: 2941.714 Thread 0x000000002b0eb000 Uncommon trap: reason=array_check action=maybe_recompile pc=0x00000000087a272c method=java.util.ComparableTimSort.mergeLo(IIII)V @ 587
Event: 2964.449 Thread 0x000000001bc3c800 Uncommon trap: reason=array_check action=maybe_recompile pc=0x0000000005c20f78 method=java.util.ComparableTimSort.mergeLo(IIII)V @ 133
Event: 2964.449 Thread 0x000000001bc3c800 Uncommon trap: reason=array_check action=maybe_recompile pc=0x0000000005c20f78 method=java.util.ComparableTimSort.mergeLo(IIII)V @ 133
Event: 2964.645 Thread 0x000000001bc3c800 Uncommon trap: reason=class_check action=maybe_recompile pc=0x00000000073ec4a4 method=com.sun.tools.javac.code.Type.isCompound()Z @ 14
Event: 2966.649 Thread 0x000000002b0f1000 Uncommon trap: reason=unstable_if action=reinterpret pc=0x0000000005387378 method=java.util.concurrent.ForkJoinPool.signalWork([Ljava/util/concurrent/ForkJoinPool$WorkQueue;Ljava/util/concurrent/ForkJoinPool$WorkQueue;)V @ 133
Event: 3036.104 Thread 0x000000002b0eb000 Uncommon trap: reason=null_check action=make_not_entrant pc=0x00000000075acda8 method=org.gradle.api.internal.tasks.properties.bean.AbstractNestedRuntimeBeanNode$BeanPropertyValue.isProvider()Z @ 9
Event: 3036.185 Thread 0x0000000020c45000 Uncommon trap: reason=unstable_if action=reinterpret pc=0x000000000572b6ac method=java.util.concurrent.ConcurrentHashMap.replaceNode(Ljava/lang/Object;Ljava/lang/Object;Ljava/lang/Object;)Ljava/lang/Object; @ 99
Event: 3108.301 Thread 0x000000001af8a800 Uncommon trap: reason=null_check action=make_not_entrant pc=0x00000000072b8fac method=org.gradle.api.internal.tasks.properties.bean.AbstractNestedRuntimeBeanNode$BeanPropertyValue.isBuildable()Z @ 9

Classes redefined (0 events):
No events

Internal exceptions (10 events):
Event: 3185.229 Thread 0x000000001bc38800 Exception <a 'sun/nio/fs/WindowsException'> (0x00000000de91e410) thrown at [C:\src\AOSP-openjdk-git\hotspot\src\share\vm\prims\jni.cpp, line 710]
Event: 3185.229 Thread 0x000000001bc38800 Exception <a 'sun/nio/fs/WindowsException'> (0x00000000de922510) thrown at [C:\src\AOSP-openjdk-git\hotspot\src\share\vm\prims\jni.cpp, line 710]
Event: 3185.229 Thread 0x000000001bc38800 Exception <a 'sun/nio/fs/WindowsException'> (0x00000000de923240) thrown at [C:\src\AOSP-openjdk-git\hotspot\src\share\vm\prims\jni.cpp, line 710]
Event: 3185.230 Thread 0x000000001bc38800 Exception <a 'sun/nio/fs/WindowsException'> (0x00000000de925130) thrown at [C:\src\AOSP-openjdk-git\hotspot\src\share\vm\prims\jni.cpp, line 710]
Event: 3185.230 Thread 0x000000001bc38800 Exception <a 'sun/nio/fs/WindowsException'> (0x00000000de925e70) thrown at [C:\src\AOSP-openjdk-git\hotspot\src\share\vm\prims\jni.cpp, line 710]
Event: 3185.706 Thread 0x000000001bc39800 Exception <a 'sun/nio/fs/WindowsException'> (0x00000000e0dfd388) thrown at [C:\src\AOSP-openjdk-git\hotspot\src\share\vm\prims\jni.cpp, line 710]
Event: 3185.706 Thread 0x000000001bc39800 Exception <a 'sun/nio/fs/WindowsException'> (0x00000000e0dfe0a0) thrown at [C:\src\AOSP-openjdk-git\hotspot\src\share\vm\prims\jni.cpp, line 710]
Event: 3185.882 Thread 0x000000001bc41800 Exception <a 'sun/nio/fs/WindowsException'> (0x00000000e3229c30) thrown at [C:\src\AOSP-openjdk-git\hotspot\src\share\vm\prims\jni.cpp, line 710]
Event: 3185.947 Thread 0x000000001bc41800 Exception <a 'sun/nio/fs/WindowsException'> (0x00000000e393e378) thrown at [C:\src\AOSP-openjdk-git\hotspot\src\share\vm\prims\jni.cpp, line 710]
Event: 3185.949 Thread 0x000000001bc41800 Exception <a 'sun/nio/fs/WindowsException'> (0x00000000e3947870) thrown at [C:\src\AOSP-openjdk-git\hotspot\src\share\vm\prims\jni.cpp, line 710]

Events (10 events):
Event: 3185.951 Executing VM operation: RevokeBias
Event: 3185.951 Executing VM operation: RevokeBias done
Event: 3185.952 Executing VM operation: RevokeBias
Event: 3185.952 Executing VM operation: RevokeBias done
Event: 3185.952 Executing VM operation: RevokeBias
Event: 3185.952 Executing VM operation: RevokeBias done
Event: 3185.953 Executing VM operation: RevokeBias
Event: 3185.954 Executing VM operation: RevokeBias done
Event: 3185.954 Executing VM operation: RevokeBias
Event: 3185.954 Executing VM operation: RevokeBias done


Dynamic libraries:
0x00007ff60f110000 - 0x00007ff60f141000 	C:\Program Files\Android\Android Studio\jre\bin\java.exe
0x00007ffdb3330000 - 0x00007ffdb3526000 	C:\Windows\SYSTEM32\ntdll.dll
0x00007ffdb2980000 - 0x00007ffdb2a3d000 	C:\Windows\System32\KERNEL32.DLL
0x00007ffdb0b30000 - 0x00007ffdb0df8000 	C:\Windows\System32\KERNELBASE.dll
0x00007ffdb2630000 - 0x00007ffdb26da000 	C:\Windows\System32\ADVAPI32.dll
0x00007ffdb1550000 - 0x00007ffdb15ee000 	C:\Windows\System32\msvcrt.dll
0x00007ffdb2800000 - 0x00007ffdb289b000 	C:\Windows\System32\sechost.dll
0x00007ffdb2010000 - 0x00007ffdb2134000 	C:\Windows\System32\RPCRT4.dll
0x00007ffdb15f0000 - 0x00007ffdb1790000 	C:\Windows\System32\USER32.dll
0x00007ffdb0a80000 - 0x00007ffdb0aa2000 	C:\Windows\System32\win32u.dll
0x00007ffdb2e10000 - 0x00007ffdb2e3a000 	C:\Windows\System32\GDI32.dll
0x00007ffdb10f0000 - 0x00007ffdb11f9000 	C:\Windows\System32\gdi32full.dll
0x00007ffdb1200000 - 0x00007ffdb129d000 	C:\Windows\System32\msvcp_win.dll
0x00007ffdb12a0000 - 0x00007ffdb13a0000 	C:\Windows\System32\ucrtbase.dll
0x00007ffda7b20000 - 0x00007ffda7dbb000 	C:\Windows\WinSxS\amd64_microsoft.windows.common-controls_6595b64144ccf1df_6.0.19041.488_none_ca04af081b815d21\COMCTL32.dll
0x00007ffdb32c0000 - 0x00007ffdb32f0000 	C:\Windows\System32\IMM32.DLL
0x0000000077530000 - 0x0000000077602000 	C:\Program Files\Android\Android Studio\jre\jre\bin\msvcr100.dll
0x0000000076680000 - 0x0000000076ecb000 	C:\Program Files\Android\Android Studio\jre\jre\bin\server\jvm.dll
0x00007ffdb17a0000 - 0x00007ffdb17a8000 	C:\Windows\System32\PSAPI.DLL
0x00007ffda7dc0000 - 0x00007ffda7de7000 	C:\Windows\SYSTEM32\WINMM.dll
0x00007ffd9c010000 - 0x00007ffd9c019000 	C:\Windows\SYSTEM32\WSOCK32.dll
0x00007ffda7df0000 - 0x00007ffda7dfa000 	C:\Windows\SYSTEM32\VERSION.dll
0x00007ffdb17b0000 - 0x00007ffdb181b000 	C:\Windows\System32\WS2_32.dll
0x00007ffd90b00000 - 0x00007ffd90b0f000 	C:\Program Files\Android\Android Studio\jre\jre\bin\verify.dll
0x00007ffd84d50000 - 0x00007ffd84d79000 	C:\Program Files\Android\Android Studio\jre\jre\bin\java.dll
0x00007ffd908c0000 - 0x00007ffd908d6000 	C:\Program Files\Android\Android Studio\jre\jre\bin\zip.dll
0x00007ffdb18d0000 - 0x00007ffdb2010000 	C:\Windows\System32\SHELL32.dll
0x00007ffdaebf0000 - 0x00007ffdaf384000 	C:\Windows\SYSTEM32\windows.storage.dll
0x00007ffdb2f60000 - 0x00007ffdb32b5000 	C:\Windows\System32\combase.dll
0x00007ffdb04a0000 - 0x00007ffdb04cc000 	C:\Windows\SYSTEM32\Wldp.dll
0x00007ffdb1820000 - 0x00007ffdb18ce000 	C:\Windows\System32\SHCORE.dll
0x00007ffdb2740000 - 0x00007ffdb2795000 	C:\Windows\System32\shlwapi.dll
0x00007ffdb09b0000 - 0x00007ffdb09d6000 	C:\Windows\SYSTEM32\profapi.dll
0x00007ffd907e0000 - 0x00007ffd907fa000 	C:\Program Files\Android\Android Studio\jre\jre\bin\net.dll
0x00007ffdb0200000 - 0x00007ffdb026a000 	C:\Windows\system32\mswsock.dll
0x00007ffd84cc0000 - 0x00007ffd84cd3000 	C:\Program Files\Android\Android Studio\jre\jre\bin\nio.dll
0x00007ffda9d40000 - 0x00007ffda9d67000 	C:\Users\cptm\.gradle\native\f6784746aeab05261644944871eae4fe03e0ef1612fff0a4a95f87b438bc6780\windows-amd64\native-platform.dll
0x00007ffd90af0000 - 0x00007ffd90afd000 	C:\Program Files\Android\Android Studio\jre\jre\bin\management.dll
0x00007ffdb03d0000 - 0x00007ffdb03e8000 	C:\Windows\SYSTEM32\CRYPTSP.dll
0x00007ffdafb30000 - 0x00007ffdafb64000 	C:\Windows\system32\rsaenh.dll
0x00007ffdb0e00000 - 0x00007ffdb0e27000 	C:\Windows\System32\bcrypt.dll
0x00007ffdb0930000 - 0x00007ffdb095e000 	C:\Windows\SYSTEM32\USERENV.dll
0x00007ffdb0ab0000 - 0x00007ffdb0b2f000 	C:\Windows\System32\bcryptprimitives.dll
0x00007ffdb03f0000 - 0x00007ffdb03fc000 	C:\Windows\SYSTEM32\CRYPTBASE.dll
0x00007ffdafef0000 - 0x00007ffdaff2b000 	C:\Windows\SYSTEM32\IPHLPAPI.DLL
0x00007ffdb2e00000 - 0x00007ffdb2e09000 	C:\Windows\System32\NSI.dll
0x00007ffda7580000 - 0x00007ffda7597000 	C:\Windows\SYSTEM32\dhcpcsvc6.DLL
0x00007ffda6cb0000 - 0x00007ffda6ccd000 	C:\Windows\SYSTEM32\dhcpcsvc.DLL
0x00007ffdaff30000 - 0x00007ffdafffb000 	C:\Windows\SYSTEM32\DNSAPI.dll
0x00007ffda8170000 - 0x00007ffda817b000 	C:\Windows\SYSTEM32\WINNSI.DLL
0x00007ffd77d30000 - 0x00007ffd77ecc000 	C:\Program Files\Android\Android Studio\jre\jre\bin\awt.dll
0x00007ffdb2b70000 - 0x00007ffdb2c3d000 	C:\Windows\System32\OLEAUT32.dll
0x00007ffdae2d0000 - 0x00007ffdae2ff000 	C:\Windows\SYSTEM32\dwmapi.dll
0x00007ffdac360000 - 0x00007ffdac920000 	C:\Windows\SYSTEM32\d2d1.dll
0x00007ffdae000000 - 0x00007ffdae090000 	C:\Windows\SYSTEM32\apphelp.dll
0x00007ffdae180000 - 0x00007ffdae21f000 	C:\Windows\system32\uxtheme.dll

VM Arguments:
jvm_args: -Xmx2048m -Dfile.encoding=UTF-8 -Duser.country=BR -Duser.language=pt -Duser.variant 
java_command: org.gradle.launcher.daemon.bootstrap.GradleDaemon 6.5
java_class_path (initial): C:\Users\cptm\.gradle\wrapper\dists\gradle-6.5-all\2oz4ud9k3tuxjg84bbf55q0tn\gradle-6.5\lib\gradle-launcher-6.5.jar
Launcher Type: SUN_STANDARD

Environment Variables:
JAVA_HOME=C:\Program Files\OpenJDK\openjdk-8u272-b10
CLASSPATH=.;
PATH=C:\Python27\;C:\Python27\Scripts;C:\Program Files (x86)\Common Files\Oracle\Java\javapath;C:\Program Files\Microsoft MPI\Bin\;C:\Windows\system32;C:\Windows;C:\Windows\System32\Wbem;C:\Windows\System32\WindowsPowerShell\v1.0\;C:\Windows\System32\OpenSSH\;C:\Program Files (x86)\Microsoft SQL Server\150\DTS\Binn\;C:\Program Files (x86)\Microsoft SQL Server\150\Tools\Binn\;C:\Program Files\Microsoft SQL Server\150\Tools\Binn\;C:\Program Files\Microsoft SQL Server\150\DTS\Binn\;C:\Program Files\Microsoft SQL Server\Client SDK\ODBC\170\Tools\Binn\;C:\Program Files (x86)\scala\bin;C:\Strawberry\c\bin;C:\Strawberry\perl\site\bin;C:\Strawberry\perl\bin;C:\Program Files\Docker\Docker\resources\bin;C:\ProgramData\DockerDesktop\version-bin;C:\Program Files\Git\cmd;C:\Program Files\apache-maven-3.6.3\bin;C:\Windows\system32\config\systemprofile\.dnx\bin;C:\Program Files\Microsoft DNX\Dnvm\;C:\Program Files\Microsoft SQL Server\130\Tools\Binn\;C:\Program Files (x86)\PuTTY\;C:\Program Files\Amazon\AWSCLIV2\;C:\ProgramData\chocolatey\bin;C:\Program Files\nodejs\;C:\Program Files\Java\jdk1.8.0_211\bin;C:\Program Files\OpenJDK\openjdk-8u272-b10\bin;C:\Users\cptm\AppData\Local\Android\Sdk\platform-tools;C:\Users\cptm\AppData\Local\Programs\Python\Python38-32\Scripts\;C:\Users\cptm\AppData\Local\Programs\Python\Python38-32\;C:\Users\cptm\AppData\Local\Microsoft\WindowsApps;C:\Users\cptm\AppData\Local\Programs\Microsoft VS Code\bin;C:\Users\cptm\AppData\Local\GitHubDesktop\bin;C:\Program Files\apache-maven-3.6.3\bin;C:\Program Files\Java\jdk1.8.0_251;C:\Users\cptm\AppData\Local\Google\Cloud SDK\google-cloud-sdk\bin;C:\Program Files\heroku\bin;C:\Users\cptm\AppData\Roaming\npm
USERNAME=cptm
OS=Windows_NT
PROCESSOR_IDENTIFIER=Intel64 Family 6 Model 26 Stepping 5, GenuineIntel



---------------  S Y S T E M  ---------------

OS: Windows 10.0 , 64 bit Build 19041 (10.0.19041.546)

CPU:total 4 (initial active 4) (4 cores per cpu, 1 threads per core) family 6 model 26 stepping 5, cmov, cx8, fxsr, mmx, sse, sse2, sse3, ssse3, sse4.1, sse4.2, popcnt, tsc, tscinvbit, tscinv

Memory: 4k page, physical 8371424k(1146116k free), swap 15711456k(5164404k free)

vm_info: OpenJDK 64-Bit Server VM (25.242-b01) for windows-amd64 JRE (1.8.0_242-release-1644-b01), built by "builder" with MS VC++ 10.0 (VS2010)

time: Fri Dec 04 09:15:49 2020
timezone: Hora oficial do Brasil
elapsed time: 3186 seconds (0d 0h 53m 6s)

